2024-11-19 17:45:12,155 DEBUG Horse: Создание Horse, имя: Bucephalus, скорость: 2.4
2024-11-19 17:45:12,157 DEBUG Horse: Создание Horse, имя: Ace of Spades, скорость: 2.5
2024-11-19 17:45:12,157 DEBUG Horse: Создание Horse, имя: Zephyr, скорость: 2.6
2024-11-19 17:45:12,158 DEBUG Horse: Создание Horse, имя: Blaze, скорость: 2.7
2024-11-19 17:45:12,158 DEBUG Horse: Создание Horse, имя: Lobster, скорость: 2.8
2024-11-19 17:45:12,158 DEBUG Horse: Создание Horse, имя: Pegasus, скорость: 2.9
2024-11-19 17:45:12,158 DEBUG Horse: Создание Horse, имя: Cherr, скорость: 3.0
2024-11-19 17:45:12,159 DEBUG Hippodrome: Создание Hippodrome, лошадей: 7
2024-11-19 17:45:12,159 INFO  Main: Начало скачек. Количество участников: 7
2024-11-19 17:45:14,544 INFO  Main: Окончание скачек. Победитель: Pegasus
2024-11-19 17:53:04,822 DEBUG Horse: Создание Horse, имя: Bucephalus, скорость: 2.4
2024-11-19 17:53:04,824 DEBUG Horse: Создание Horse, имя: Ace of Spades, скорость: 2.5
2024-11-19 17:53:04,824 DEBUG Horse: Создание Horse, имя: Zephyr, скорость: 2.6
2024-11-19 17:53:04,825 DEBUG Horse: Создание Horse, имя: Blaze, скорость: 2.7
2024-11-19 17:53:04,825 DEBUG Horse: Создание Horse, имя: Lobster, скорость: 2.8
2024-11-19 17:53:04,825 DEBUG Horse: Создание Horse, имя: Pegasus, скорость: 2.9
2024-11-19 17:53:04,825 DEBUG Horse: Создание Horse, имя: Cherry, скорость: 3.0
2024-11-19 17:53:04,826 DEBUG Hippodrome: Создание Hippodrome, лошадей: 7
2024-11-19 17:53:04,826 INFO  Main: Начало скачек. Количество участников: 7
2024-11-19 17:53:25,265 INFO  Main: Окончание скачек. Победитель: Cherry
2024-11-19 18:33:17,553 DEBUG Horse: Создание Horse, имя: Horse 1, скорость: 1.0
2024-11-19 18:33:17,556 DEBUG Horse: Создание Horse, имя: Horse 2, скорость: 1.0
2024-11-19 18:33:17,557 DEBUG Horse: Создание Horse, имя: Horse 3, скорость: 1.0
2024-11-19 18:33:17,557 DEBUG Horse: Создание Horse, имя: Horse 4, скорость: 1.0
2024-11-19 18:33:17,557 DEBUG Horse: Создание Horse, имя: Horse 5, скорость: 1.0
2024-11-19 18:33:17,558 DEBUG Hippodrome: Создание Hippodrome, лошадей: 5
2024-11-19 18:33:17,566 ERROR Hippodrome: Horses list is null
2024-11-19 18:33:18,110 DEBUG Hippodrome: Создание Hippodrome, лошадей: 50
2024-11-19 18:33:18,132 ERROR Hippodrome: Horses list is empty
2024-11-19 18:33:18,134 DEBUG Horse: Создание Horse, имя: 1, скорость: 1.0
2024-11-19 18:33:18,134 DEBUG Horse: Создание Horse, имя: 2, скорость: 2.0
2024-11-19 18:33:18,134 DEBUG Horse: Создание Horse, имя: 3, скорость: 3.0
2024-11-19 18:33:18,135 DEBUG Horse: Создание Horse, имя: 4, скорость: 4.0
2024-11-19 18:33:18,135 DEBUG Horse: Создание Horse, имя: 5, скорость: 5.0
2024-11-19 18:33:18,135 DEBUG Horse: Создание Horse, имя: 6, скорость: 6.0
2024-11-19 18:33:18,135 DEBUG Horse: Создание Horse, имя: 7, скорость: 7.0
2024-11-19 18:33:18,135 DEBUG Horse: Создание Horse, имя: 8, скорость: 8.0
2024-11-19 18:33:18,135 DEBUG Horse: Создание Horse, имя: 9, скорость: 9.0
2024-11-19 18:33:18,135 DEBUG Horse: Создание Horse, имя: 10, скорость: 10.0
2024-11-19 18:33:18,136 DEBUG Horse: Создание Horse, имя: 11, скорость: 11.0
2024-11-19 18:33:18,136 DEBUG Horse: Создание Horse, имя: 12, скорость: 12.0
2024-11-19 18:33:18,136 DEBUG Horse: Создание Horse, имя: 13, скорость: 13.0
2024-11-19 18:33:18,136 DEBUG Horse: Создание Horse, имя: 14, скорость: 14.0
2024-11-19 18:33:18,136 DEBUG Horse: Создание Horse, имя: 15, скорость: 15.0
2024-11-19 18:33:18,136 DEBUG Horse: Создание Horse, имя: 16, скорость: 16.0
2024-11-19 18:33:18,136 DEBUG Horse: Создание Horse, имя: 17, скорость: 17.0
2024-11-19 18:33:18,137 DEBUG Horse: Создание Horse, имя: 18, скорость: 18.0
2024-11-19 18:33:18,137 DEBUG Horse: Создание Horse, имя: 19, скорость: 19.0
2024-11-19 18:33:18,137 DEBUG Horse: Создание Horse, имя: 20, скорость: 20.0
2024-11-19 18:33:18,137 DEBUG Horse: Создание Horse, имя: 21, скорость: 21.0
2024-11-19 18:33:18,137 DEBUG Horse: Создание Horse, имя: 22, скорость: 22.0
2024-11-19 18:33:18,137 DEBUG Horse: Создание Horse, имя: 23, скорость: 23.0
2024-11-19 18:33:18,137 DEBUG Horse: Создание Horse, имя: 24, скорость: 24.0
2024-11-19 18:33:18,137 DEBUG Horse: Создание Horse, имя: 25, скорость: 25.0
2024-11-19 18:33:18,138 DEBUG Horse: Создание Horse, имя: 26, скорость: 26.0
2024-11-19 18:33:18,138 DEBUG Horse: Создание Horse, имя: 27, скорость: 27.0
2024-11-19 18:33:18,138 DEBUG Horse: Создание Horse, имя: 28, скорость: 28.0
2024-11-19 18:33:18,138 DEBUG Horse: Создание Horse, имя: 29, скорость: 29.0
2024-11-19 18:33:18,138 DEBUG Horse: Создание Horse, имя: 30, скорость: 30.0
2024-11-19 18:33:18,138 DEBUG Hippodrome: Создание Hippodrome, лошадей: 30
2024-11-19 18:33:25,760 DEBUG Horse: Создание Horse, имя: Blaze, скорость: 3.6
2024-11-19 18:33:26,252 DEBUG Horse: Создание Horse, имя: Pegasus, скорость: 5.6
2024-11-19 18:33:26,277 DEBUG Horse: Создание Horse, имя: Pegasus, скорость: 5.6
2024-11-19 18:33:26,282 DEBUG Horse: Создание Horse, имя: Pegasus, скорость: 5.6
2024-11-19 18:33:26,284 DEBUG Horse: Создание Horse, имя: Pegasus, скорость: 5.6
2024-11-19 18:33:26,287 DEBUG Horse: Создание Horse, имя: Pegasus, скорость: 5.6
2024-11-19 18:33:26,289 DEBUG Horse: Создание Horse, имя: Pegasus, скорость: 5.6
2024-11-19 18:33:26,291 DEBUG Horse: Создание Horse, имя: Blaze, скорость: 3.0
2024-11-19 18:33:26,293 ERROR Horse: Speed is negative
2024-11-19 18:33:26,294 DEBUG Horse: Создание Horse, имя: Blaze, скорость: 3.6
2024-11-19 18:33:26,295 ERROR Horse: Name is null
2024-11-19 18:33:26,296 DEBUG Horse: Создание Horse, имя: Blaze, скорость: 3.6
2024-11-19 18:33:26,297 ERROR Horse: Name is null
2024-11-19 18:33:26,299 ERROR Horse: Distance is negative
2024-11-19 18:33:26,302 ERROR Horse: Name is blank
2024-11-19 18:33:26,303 ERROR Horse: Name is blank
2024-11-19 18:33:26,305 ERROR Horse: Name is blank
2024-11-19 18:33:26,306 ERROR Horse: Name is blank
2024-11-19 18:33:26,307 ERROR Horse: Name is blank
2024-11-19 18:33:26,309 ERROR Horse: Name is blank
2024-11-19 18:34:22,066 DEBUG Horse: Создание Horse, имя: Horse 1, скорость: 1.0
2024-11-19 18:34:22,083 DEBUG Horse: Создание Horse, имя: Horse 2, скорость: 1.0
2024-11-19 18:34:22,083 DEBUG Horse: Создание Horse, имя: Horse 3, скорость: 1.0
2024-11-19 18:34:22,084 DEBUG Horse: Создание Horse, имя: Horse 4, скорость: 1.0
2024-11-19 18:34:22,084 DEBUG Horse: Создание Horse, имя: Horse 5, скорость: 1.0
2024-11-19 18:34:22,085 DEBUG Hippodrome: Создание Hippodrome, лошадей: 5
2024-11-19 18:34:22,097 ERROR Hippodrome: Horses list is null
2024-11-19 18:34:22,619 DEBUG Hippodrome: Создание Hippodrome, лошадей: 50
2024-11-19 18:34:22,642 ERROR Hippodrome: Horses list is empty
2024-11-19 18:34:22,643 DEBUG Horse: Создание Horse, имя: 1, скорость: 1.0
2024-11-19 18:34:22,644 DEBUG Horse: Создание Horse, имя: 2, скорость: 2.0
2024-11-19 18:34:22,644 DEBUG Horse: Создание Horse, имя: 3, скорость: 3.0
2024-11-19 18:34:22,644 DEBUG Horse: Создание Horse, имя: 4, скорость: 4.0
2024-11-19 18:34:22,644 DEBUG Horse: Создание Horse, имя: 5, скорость: 5.0
2024-11-19 18:34:22,644 DEBUG Horse: Создание Horse, имя: 6, скорость: 6.0
2024-11-19 18:34:22,645 DEBUG Horse: Создание Horse, имя: 7, скорость: 7.0
2024-11-19 18:34:22,645 DEBUG Horse: Создание Horse, имя: 8, скорость: 8.0
2024-11-19 18:34:22,645 DEBUG Horse: Создание Horse, имя: 9, скорость: 9.0
2024-11-19 18:34:22,645 DEBUG Horse: Создание Horse, имя: 10, скорость: 10.0
2024-11-19 18:34:22,645 DEBUG Horse: Создание Horse, имя: 11, скорость: 11.0
2024-11-19 18:34:22,645 DEBUG Horse: Создание Horse, имя: 12, скорость: 12.0
2024-11-19 18:34:22,646 DEBUG Horse: Создание Horse, имя: 13, скорость: 13.0
2024-11-19 18:34:22,646 DEBUG Horse: Создание Horse, имя: 14, скорость: 14.0
2024-11-19 18:34:22,646 DEBUG Horse: Создание Horse, имя: 15, скорость: 15.0
2024-11-19 18:34:22,646 DEBUG Horse: Создание Horse, имя: 16, скорость: 16.0
2024-11-19 18:34:22,646 DEBUG Horse: Создание Horse, имя: 17, скорость: 17.0
2024-11-19 18:34:22,646 DEBUG Horse: Создание Horse, имя: 18, скорость: 18.0
2024-11-19 18:34:22,647 DEBUG Horse: Создание Horse, имя: 19, скорость: 19.0
2024-11-19 18:34:22,647 DEBUG Horse: Создание Horse, имя: 20, скорость: 20.0
2024-11-19 18:34:22,647 DEBUG Horse: Создание Horse, имя: 21, скорость: 21.0
2024-11-19 18:34:22,647 DEBUG Horse: Создание Horse, имя: 22, скорость: 22.0
2024-11-19 18:34:22,647 DEBUG Horse: Создание Horse, имя: 23, скорость: 23.0
2024-11-19 18:34:22,648 DEBUG Horse: Создание Horse, имя: 24, скорость: 24.0
2024-11-19 18:34:22,648 DEBUG Horse: Создание Horse, имя: 25, скорость: 25.0
2024-11-19 18:34:22,648 DEBUG Horse: Создание Horse, имя: 26, скорость: 26.0
2024-11-19 18:34:22,648 DEBUG Horse: Создание Horse, имя: 27, скорость: 27.0
2024-11-19 18:34:22,648 DEBUG Horse: Создание Horse, имя: 28, скорость: 28.0
2024-11-19 18:34:22,648 DEBUG Horse: Создание Horse, имя: 29, скорость: 29.0
2024-11-19 18:34:22,648 DEBUG Horse: Создание Horse, имя: 30, скорость: 30.0
2024-11-19 18:34:22,648 DEBUG Hippodrome: Создание Hippodrome, лошадей: 30
